-------------------------------------------------------------------------------
Test set: TestSuite
-------------------------------------------------------------------------------
Tests run: 3, Failures: 1, Errors: 0, Skipped: 1, Time elapsed: 8.683 s <<< FAILURE! - in TestSuite
com.test.Logintest.failTest  Time elapsed: 0.013 s  <<< FAILURE!
java.lang.AssertionError: expected [test] but found [JavaByKiran | Dashboard]
	at com.test.Logintest.failTest(Logintest.java:37)

